$ NODE_OPTIONS='--max-old-space-size=8192' tsc --noEmit
src/tools/message.ts(174,10): error TS2769: No overload matches this call.
  Overload 1 of 6, '(name: string, description: string, paramsSchemaOrAnnotations: { title?: string | undefined; readOnlyHint?: boolean | undefined; destructiveHint?: boolean | undefined; idempotentHint?: boolean | undefined; openWorldHint?: boolean | undefined; } | { ...; }, cb: (args: ShapeOutput<...>, extra: RequestHandlerExtra<...>) => { ...; } | Promise<...>): RegisteredTool', gave the following error.
    Type 'Promise<McpResponse>' is not assignable to type '{ [x: string]: unknown; content: ({ type: "text"; text: string; annotations?: { audience?: ("user" | "assistant")[] | undefined; priority?: number | undefined; lastModified?: string | undefined; } | undefined; _meta?: { ...; } | undefined; } | { ...; } | { ...; } | { ...; } | { ...; })[]; _meta?: { ...; } | undefine...'.
      Type 'Promise<McpResponse>' is not assignable to type 'Promise<{ [x: string]: unknown; content: ({ type: "text"; text: string; annotations?: { audience?: ("user" | "assistant")[] | undefined; priority?: number | undefined; lastModified?: string | undefined; } | undefined; _meta?: { ...; } | undefined; } | { ...; } | { ...; } | { ...; } | { ...; })[]; _meta?: { ...; } | ...'.
        Type 'McpResponse' is not assignable to type '{ [x: string]: unknown; content: ({ type: "text"; text: string; annotations?: { audience?: ("user" | "assistant")[] | undefined; priority?: number | undefined; lastModified?: string | undefined; } | undefined; _meta?: { ...; } | undefined; } | { ...; } | { ...; } | { ...; } | { ...; })[]; _meta?: { ...; } | undefine...'.
          Index signature for type 'string' is missing in type 'McpResponse'.
  Overload 2 of 6, '(name: string, paramsSchema: { channel: ZodString; content: ZodString; sender: ZodOptional<ZodString>; taskId: ZodOptional<ZodString>; ttlSeconds: ZodOptional<...>; correlationId: ZodOptional<...>; metadata: ZodOptional<...>; }, annotations: { ...; }, cb: (args: ShapeOutput<...>, extra: RequestHandlerExtra<...>) => { ...; } | Promise<...>): RegisteredTool', gave the following error.
    Argument of type 'string' is not assignable to parameter of type '{ channel: z.ZodString; content: z.ZodString; sender: z.ZodOptional<z.ZodString>; taskId: z.ZodOptional<z.ZodString>; ttlSeconds: z.ZodOptional<z.ZodNumber>; correlationId: z.ZodOptional<...>; metadata: z.ZodOptional<...>; }'.
src/tools/message.ts(189,10): error TS2769: No overload matches this call.
  Overload 1 of 6, '(name: string, description: string, paramsSchemaOrAnnotations: { title?: string | undefined; readOnlyHint?: boolean | undefined; destructiveHint?: boolean | undefined; idempotentHint?: boolean | undefined; openWorldHint?: boolean | undefined; } | { ...; }, cb: (args: ShapeOutput<...>, extra: RequestHandlerExtra<...>) => { ...; } | Promise<...>): RegisteredTool', gave the following error.
    Type 'Promise<McpResponse>' is not assignable to type '{ [x: string]: unknown; content: ({ type: "text"; text: string; annotations?: { audience?: ("user" | "assistant")[] | undefined; priority?: number | undefined; lastModified?: string | undefined; } | undefined; _meta?: { ...; } | undefined; } | { ...; } | { ...; } | { ...; } | { ...; })[]; _meta?: { ...; } | undefine...'.
      Type 'Promise<McpResponse>' is not assignable to type 'Promise<{ [x: string]: unknown; content: ({ type: "text"; text: string; annotations?: { audience?: ("user" | "assistant")[] | undefined; priority?: number | undefined; lastModified?: string | undefined; } | undefined; _meta?: { ...; } | undefined; } | { ...; } | { ...; } | { ...; } | { ...; })[]; _meta?: { ...; } | ...'.
        Type 'McpResponse' is not assignable to type '{ [x: string]: unknown; content: ({ type: "text"; text: string; annotations?: { audience?: ("user" | "assistant")[] | undefined; priority?: number | undefined; lastModified?: string | undefined; } | undefined; _meta?: { ...; } | undefined; } | { ...; } | { ...; } | { ...; } | { ...; })[]; _meta?: { ...; } | undefine...'.
          Index signature for type 'string' is missing in type 'McpResponse'.
  Overload 2 of 6, '(name: string, paramsSchema: { channel: ZodString; afterId: ZodOptional<ZodNumber>; limit: ZodOptional<ZodNumber>; sender: ZodOptional<ZodString>; correlationId: ZodOptional<...>; includeAcked: ZodOptional<...>; }, annotations: { ...; }, cb: (args: ShapeOutput<...>, extra: RequestHandlerExtra<...>) => { ...; } | Promise<...>): RegisteredTool', gave the following error.
    Argument of type 'string' is not assignable to parameter of type '{ channel: z.ZodString; afterId: z.ZodOptional<z.ZodNumber>; limit: z.ZodOptional<z.ZodNumber>; sender: z.ZodOptional<z.ZodString>; correlationId: z.ZodOptional<z.ZodString>; includeAcked: z.ZodOptional<...>; }'.
src/tools/message.ts(203,10): error TS2769: No overload matches this call.
  Overload 1 of 6, '(name: string, description: string, paramsSchemaOrAnnotations: { title?: string | undefined; readOnlyHint?: boolean | undefined; destructiveHint?: boolean | undefined; idempotentHint?: boolean | undefined; openWorldHint?: boolean | undefined; } | { ...; }, cb: (args: ShapeOutput<...>, extra: RequestHandlerExtra<...>) => { ...; } | Promise<...>): RegisteredTool', gave the following error.
    Type 'Promise<McpResponse>' is not assignable to type '{ [x: string]: unknown; content: ({ type: "text"; text: string; annotations?: { audience?: ("user" | "assistant")[] | undefined; priority?: number | undefined; lastModified?: string | undefined; } | undefined; _meta?: { ...; } | undefined; } | { ...; } | { ...; } | { ...; } | { ...; })[]; _meta?: { ...; } | undefine...'.
      Type 'Promise<McpResponse>' is not assignable to type 'Promise<{ [x: string]: unknown; content: ({ type: "text"; text: string; annotations?: { audience?: ("user" | "assistant")[] | undefined; priority?: number | undefined; lastModified?: string | undefined; } | undefined; _meta?: { ...; } | undefined; } | { ...; } | { ...; } | { ...; } | { ...; })[]; _meta?: { ...; } | ...'.
        Type 'McpResponse' is not assignable to type '{ [x: string]: unknown; content: ({ type: "text"; text: string; annotations?: { audience?: ("user" | "assistant")[] | undefined; priority?: number | undefined; lastModified?: string | undefined; } | undefined; _meta?: { ...; } | undefined; } | { ...; } | { ...; } | { ...; } | { ...; })[]; _meta?: { ...; } | undefine...'.
          Index signature for type 'string' is missing in type 'McpResponse'.
  Overload 2 of 6, '(name: string, paramsSchema: { id: ZodNumber; }, annotations: { title?: string | undefined; readOnlyHint?: boolean | undefined; destructiveHint?: boolean | undefined; idempotentHint?: boolean | undefined; openWorldHint?: boolean | undefined; }, cb: (args: ShapeOutput<...>, extra: RequestHandlerExtra<...>) => { ...; } | Promise<...>): RegisteredTool', gave the following error.
    Argument of type 'string' is not assignable to parameter of type '{ id: z.ZodNumber; }'.
src/tools/message.ts(212,10): error TS2769: No overload matches this call.
  Overload 1 of 6, '(name: string, description: string, paramsSchemaOrAnnotations: { title?: string | undefined; readOnlyHint?: boolean | undefined; destructiveHint?: boolean | undefined; idempotentHint?: boolean | undefined; openWorldHint?: boolean | undefined; } | { ...; }, cb: (args: ShapeOutput<...>, extra: RequestHandlerExtra<...>) => { ...; } | Promise<...>): RegisteredTool', gave the following error.
    Type 'Promise<McpResponse>' is not assignable to type '{ [x: string]: unknown; content: ({ type: "text"; text: string; annotations?: { audience?: ("user" | "assistant")[] | undefined; priority?: number | undefined; lastModified?: string | undefined; } | undefined; _meta?: { ...; } | undefined; } | { ...; } | { ...; } | { ...; } | { ...; })[]; _meta?: { ...; } | undefine...'.
      Type 'Promise<McpResponse>' is not assignable to type 'Promise<{ [x: string]: unknown; content: ({ type: "text"; text: string; annotations?: { audience?: ("user" | "assistant")[] | undefined; priority?: number | undefined; lastModified?: string | undefined; } | undefined; _meta?: { ...; } | undefined; } | { ...; } | { ...; } | { ...; } | { ...; })[]; _meta?: { ...; } | ...'.
        Type 'McpResponse' is not assignable to type '{ [x: string]: unknown; content: ({ type: "text"; text: string; annotations?: { audience?: ("user" | "assistant")[] | undefined; priority?: number | undefined; lastModified?: string | undefined; } | undefined; _meta?: { ...; } | undefined; } | { ...; } | { ...; } | { ...; } | { ...; })[]; _meta?: { ...; } | undefine...'.
          Index signature for type 'string' is missing in type 'McpResponse'.
  Overload 2 of 6, '(name: string, paramsSchema: { channel: ZodString; }, annotations: { title?: string | undefined; readOnlyHint?: boolean | undefined; destructiveHint?: boolean | undefined; idempotentHint?: boolean | undefined; openWorldHint?: boolean | undefined; }, cb: (args: ShapeOutput<...>, extra: RequestHandlerExtra<...>) => { ...; } | Promise<...>): RegisteredTool', gave the following error.
    Argument of type 'string' is not assignable to parameter of type '{ channel: z.ZodString; }'.
src/tools/message.ts(221,10): error TS2769: No overload matches this call.
  Overload 1 of 6, '(name: string, description: string, paramsSchemaOrAnnotations: { title?: string | undefined; readOnlyHint?: boolean | undefined; destructiveHint?: boolean | undefined; idempotentHint?: boolean | undefined; openWorldHint?: boolean | undefined; } | { ...; }, cb: (args: ShapeOutput<...>, extra: RequestHandlerExtra<...>) => { ...; } | Promise<...>): RegisteredTool', gave the following error.
    Type 'Promise<McpResponse>' is not assignable to type '{ [x: string]: unknown; content: ({ type: "text"; text: string; annotations?: { audience?: ("user" | "assistant")[] | undefined; priority?: number | undefined; lastModified?: string | undefined; } | undefined; _meta?: { ...; } | undefined; } | { ...; } | { ...; } | { ...; } | { ...; })[]; _meta?: { ...; } | undefine...'.
      Type 'Promise<McpResponse>' is not assignable to type 'Promise<{ [x: string]: unknown; content: ({ type: "text"; text: string; annotations?: { audience?: ("user" | "assistant")[] | undefined; priority?: number | undefined; lastModified?: string | undefined; } | undefined; _meta?: { ...; } | undefined; } | { ...; } | { ...; } | { ...; } | { ...; })[]; _meta?: { ...; } | ...'.
        Type 'McpResponse' is not assignable to type '{ [x: string]: unknown; content: ({ type: "text"; text: string; annotations?: { audience?: ("user" | "assistant")[] | undefined; priority?: number | undefined; lastModified?: string | undefined; } | undefined; _meta?: { ...; } | undefined; } | { ...; } | { ...; } | { ...; } | { ...; })[]; _meta?: { ...; } | undefine...'.
          Index signature for type 'string' is missing in type 'McpResponse'.
  Overload 2 of 6, '(name: string, paramsSchema: { channel: ZodString; }, annotations: { title?: string | undefined; readOnlyHint?: boolean | undefined; destructiveHint?: boolean | undefined; idempotentHint?: boolean | undefined; openWorldHint?: boolean | undefined; }, cb: (args: ShapeOutput<...>, extra: RequestHandlerExtra<...>) => { ...; } | Promise<...>): RegisteredTool', gave the following error.
    Argument of type 'string' is not assignable to parameter of type '{ channel: z.ZodString; }'.
